  raudio.c
C:\raylib\raylib\src\external\qoa.h(325,20): warning C4018: '<': no coinciden signed/unsigned
C:\raylib\raylib\src\external\qoa.h(338,42): warning C4018: '<': no coinciden signed/unsigned
C:\raylib\raylib\src\external\qoa.h(340,21): warning C4018: '<': no coinciden signed/unsigned
C:\raylib\raylib\src\external\qoa.h(425,20): warning C4018: '<': no coinciden signed/unsigned
C:\raylib\raylib\src\external\qoa.h(448,42): warning C4018: '<': no coinciden signed/unsigned
C:\raylib\raylib\src\external\qoa.h(523,14): warning C4018: '>': no coinciden signed/unsigned
C:\raylib\raylib\src\external\qoa.h(651,15): warning C4267: '=': conversión de 'size_t' a 'int'; posible pérdida de datos
C:\raylib\raylib\src\external\qoaplay.c(93,16): warning C4267: 'inicializando': conversión de 'size_t' a 'int'; posible pérdida de datos
C:\raylib\raylib\src\external\qoaplay.c(184,46): warning C4267: '=': conversión de 'size_t' a 'unsigned int'; posible pérdida de datos
C:\raylib\raylib\src\external\qoaplay.c(233,27): warning C4018: '<': no coinciden signed/unsigned
C:\raylib\raylib\src\external\qoaplay.c(235,73): warning C4244: '=': conversión de 'double' a 'float'; posible pérdida de datos
C:\raylib\raylib\src\external\qoaplay.c(268,15): warning C4018: '>': no coinciden signed/unsigned
C:\raylib\raylib\src\raudio.c(1290,53): warning C4090: 'función': distintos calificadores 'const'
  rcore.c
  rmodels.c
  rglfw.c
  rshapes.c
  rtext.c
  rtextures.c
  utils.c
C:\raylib\raylib\src\utils.c(148,29): warning C4267: 'inicializando': conversión de 'size_t' a 'unsigned int'; posible pérdida de datos
  Generando código...
  raylib.vcxproj -> C:\Users\Ryzen7\Desktop\proyectoc\projects\VS2022\build\raylib\bin\x64\Debug\raylib.lib
